\BOOKMARK [0][-]{chapter.1}{Introducci\363n}{}% 1
\BOOKMARK [1][-]{section.1.1}{Motivaci\363n}{chapter.1}% 2
\BOOKMARK [1][-]{section.1.2}{Objetivos}{chapter.1}% 3
\BOOKMARK [1][-]{section.1.3}{Organizaci\363n de la memoria}{chapter.1}% 4
\BOOKMARK [0][-]{chapter.2}{Estado del arte}{}% 5
\BOOKMARK [0][-]{chapter.3}{Sistema}{}% 6
\BOOKMARK [1][-]{section.3.1}{Dron}{chapter.3}% 7
\BOOKMARK [2][-]{subsection.3.1.1}{Sistema de propulsi\363n}{section.3.1}% 8
\BOOKMARK [2][-]{subsection.3.1.2}{Sistema de control}{section.3.1}% 9
\BOOKMARK [2][-]{subsection.3.1.3}{Mec\341nica}{section.3.1}% 10
\BOOKMARK [1][-]{section.3.2}{Implementaci\363n de sensores comerciales}{chapter.3}% 11
\BOOKMARK [1][-]{section.3.3}{Desarrollo de sensor de viento propio}{chapter.3}% 12
\BOOKMARK [0][-]{chapter.4}{Pruebas y resultados}{}% 13
\BOOKMARK [1][-]{section.4.1}{Instrumentos de medici\363n}{chapter.4}% 14
\BOOKMARK [1][-]{section.4.2}{Toma de medidas}{chapter.4}% 15
\BOOKMARK [1][-]{section.4.3}{Resultados}{chapter.4}% 16
\BOOKMARK [0][-]{chapter.5}{Conclusi\363n}{}% 17
\BOOKMARK [0][-]{chapter*.38}{Bibliograf\355a}{}% 18
\BOOKMARK [0][-]{section*.39}{Definiciones}{}% 19
\BOOKMARK [0][-]{section*.41}{Acr\363nimos}{}% 20
\BOOKMARK [-1][-]{part.1}{Ap\351ndices}{}% 21
\BOOKMARK [0][-]{appendix.Alph1}{Estudio t\351cnico de componentes para dron}{part.1}% 22
\BOOKMARK [0][-]{appendix.Alph2}{C\363digo dise\361ado para placa controladora}{part.1}% 23
\BOOKMARK [0][-]{appendix.Alph3}{C\363digo de registro del viento}{part.1}% 24
